<?xml version="1.0" encoding="UTF-8"?>
<coverage generated="1682052975047" clover="3.2.0">
  <project timestamp="1682052975047" name="All files">
    <metrics statements="19" coveredstatements="13" conditionals="0" coveredconditionals="0" methods="9" coveredmethods="3" elements="28" coveredelements="16" complexity="0" loc="19" ncloc="19" packages="2" files="7" classes="7"/>
    <package name="src">
      <metrics statements="1" coveredstatements="1" conditionals="0" coveredconditionals="0" methods="0" coveredmethods="0"/>
      <file name="Colors.js" path="/Users/mac/Documents/ReduxProject/src/Colors.js">
        <metrics statements="1" coveredstatements="1" conditionals="0" coveredconditionals="0" methods="0" coveredmethods="0"/>
        <line num="4" count="1" type="stmt"/>
      </file>
    </package>
    <package name="src.JestTesting">
      <metrics statements="18" coveredstatements="12" conditionals="0" coveredconditionals="0" methods="9" coveredmethods="3"/>
      <file name="ApiData.js" path="/Users/mac/Documents/ReduxProject/src/JestTesting/ApiData.js">
        <metrics statements="2" coveredstatements="0" conditionals="0" coveredconditionals="0" methods="2" coveredmethods="0"/>
        <line num="3" count="0" type="stmt"/>
        <line num="4" count="0" type="stmt"/>
      </file>
      <file name="AppExample.js" path="/Users/mac/Documents/ReduxProject/src/JestTesting/AppExample.js">
        <metrics statements="5" coveredstatements="4" conditionals="0" coveredconditionals="0" methods="2" coveredmethods="1"/>
        <line num="4" count="1" type="stmt"/>
        <line num="5" count="1" type="stmt"/>
        <line num="6" count="0" type="stmt"/>
        <line num="8" count="1" type="stmt"/>
        <line num="20" count="1" type="stmt"/>
      </file>
      <file name="AppTest.js" path="/Users/mac/Documents/ReduxProject/src/JestTesting/AppTest.js">
        <metrics statements="3" coveredstatements="3" conditionals="0" coveredconditionals="0" methods="1" coveredmethods="1"/>
        <line num="39" count="1" type="stmt"/>
        <line num="40" count="1" type="stmt"/>
        <line num="55" count="1" type="stmt"/>
      </file>
      <file name="Example.js" path="/Users/mac/Documents/ReduxProject/src/JestTesting/Example.js">
        <metrics statements="3" coveredstatements="3" conditionals="0" coveredconditionals="0" methods="1" coveredmethods="1"/>
        <line num="4" count="1" type="stmt"/>
        <line num="5" count="1" type="stmt"/>
        <line num="14" count="1" type="stmt"/>
      </file>
      <file name="MyProps.js" path="/Users/mac/Documents/ReduxProject/src/JestTesting/MyProps.js">
        <metrics statements="3" coveredstatements="1" conditionals="0" coveredconditionals="0" methods="2" coveredmethods="0"/>
        <line num="6" count="0" type="stmt"/>
        <line num="9" count="0" type="stmt"/>
        <line num="17" count="1" type="stmt"/>
      </file>
      <file name="TestFunction.js" path="/Users/mac/Documents/ReduxProject/src/JestTesting/TestFunction.js">
        <metrics statements="2" coveredstatements="1" conditionals="0" coveredconditionals="0" methods="1" coveredmethods="0"/>
        <line num="1" count="1" type="stmt"/>
        <line num="2" count="0" type="stmt"/>
      </file>
    </package>
  </project>
</coverage>
