{"/Users/mac/Documents/ReduxProject/src/Colors.js": {"path":"/Users/mac/Documents/ReduxProject/src/Colors.js","statementMap":{"0":{"start":{"line":4,"column":15},"end":{"line":25,"column":1}}},"fnMap":{},"branchMap":{},"s":{"0":1},"f":{},"b":{},"_coverageSchema":"1a1c01bbd47fc00a2c39e90264f33305004495a9","hash":"c275aa1dec3cab98e18f842ee9cc80ef8e146a67"}
,"/Users/mac/Documents/ReduxProject/src/JestTesting/ApiData.js": {"path":"/Users/mac/Documents/ReduxProject/src/JestTesting/ApiData.js","statementMap":{"0":{"start":{"line":3,"column":4},"end":{"line":5,"column":7}},"1":{"start":{"line":4,"column":6},"end":{"line":4,"column":24}}},"fnMap":{"0":{"name":"(anonymous_0)","decl":{"start":{"line":2,"column":2},"end":{"line":2,"column":3}},"loc":{"start":{"line":2,"column":15},"end":{"line":6,"column":3}},"line":2},"1":{"name":"(anonymous_1)","decl":{"start":{"line":3,"column":61},"end":{"line":3,"column":62}},"loc":{"start":{"line":3,"column":68},"end":{"line":5,"column":5}},"line":3}},"branchMap":{},"s":{"0":0,"1":0},"f":{"0":0,"1":0},"b":{},"_coverageSchema":"1a1c01bbd47fc00a2c39e90264f33305004495a9","hash":"8afd53bd81e290455626ceee644d8904a3bd883b"}
,"/Users/mac/Documents/ReduxProject/src/JestTesting/AppExample.js": {"path":"/Users/mac/Documents/ReduxProject/src/JestTesting/AppExample.js","statementMap":{"0":{"start":{"line":4,"column":19},"end":{"line":16,"column":1}},"1":{"start":{"line":5,"column":19},"end":{"line":7,"column":3}},"2":{"start":{"line":6,"column":4},"end":{"line":6,"column":25}},"3":{"start":{"line":8,"column":2},"end":{"line":15,"column":4}},"4":{"start":{"line":20,"column":15},"end":{"line":20,"column":36}}},"fnMap":{"0":{"name":"(anonymous_0)","decl":{"start":{"line":4,"column":19},"end":{"line":4,"column":20}},"loc":{"start":{"line":4,"column":25},"end":{"line":16,"column":1}},"line":4},"1":{"name":"(anonymous_1)","decl":{"start":{"line":5,"column":19},"end":{"line":5,"column":20}},"loc":{"start":{"line":5,"column":25},"end":{"line":7,"column":3}},"line":5}},"branchMap":{},"s":{"0":1,"1":1,"2":0,"3":1,"4":1},"f":{"0":1,"1":0},"b":{},"_coverageSchema":"1a1c01bbd47fc00a2c39e90264f33305004495a9","hash":"d1098276a0fffb321bf3567753304812c62061d1"}
,"/Users/mac/Documents/ReduxProject/src/JestTesting/AppTest.js": {"path":"/Users/mac/Documents/ReduxProject/src/JestTesting/AppTest.js","statementMap":{"0":{"start":{"line":39,"column":16},"end":{"line":51,"column":1}},"1":{"start":{"line":40,"column":2},"end":{"line":50,"column":4}},"2":{"start":{"line":55,"column":15},"end":{"line":55,"column":36}}},"fnMap":{"0":{"name":"(anonymous_0)","decl":{"start":{"line":39,"column":16},"end":{"line":39,"column":17}},"loc":{"start":{"line":39,"column":22},"end":{"line":51,"column":1}},"line":39}},"branchMap":{},"s":{"0":1,"1":1,"2":1},"f":{"0":1},"b":{},"_coverageSchema":"1a1c01bbd47fc00a2c39e90264f33305004495a9","hash":"6f189fe32ba8cbfb7ff4deb2b5c1603427d0396b"}
,"/Users/mac/Documents/ReduxProject/src/JestTesting/Example.js": {"path":"/Users/mac/Documents/ReduxProject/src/JestTesting/Example.js","statementMap":{"0":{"start":{"line":4,"column":16},"end":{"line":10,"column":1}},"1":{"start":{"line":5,"column":2},"end":{"line":9,"column":4}},"2":{"start":{"line":14,"column":15},"end":{"line":14,"column":36}}},"fnMap":{"0":{"name":"(anonymous_0)","decl":{"start":{"line":4,"column":16},"end":{"line":4,"column":17}},"loc":{"start":{"line":4,"column":22},"end":{"line":10,"column":1}},"line":4}},"branchMap":{},"s":{"0":1,"1":1,"2":1},"f":{"0":1},"b":{},"_coverageSchema":"1a1c01bbd47fc00a2c39e90264f33305004495a9","hash":"ee0db020fb39289dd4902e006524e0dcf8d52b9a"}
,"/Users/mac/Documents/ReduxProject/src/JestTesting/MyProps.js": {"path":"/Users/mac/Documents/ReduxProject/src/JestTesting/MyProps.js","statementMap":{"0":{"start":{"line":6,"column":4},"end":{"line":6,"column":12}},"1":{"start":{"line":9,"column":4},"end":{"line":13,"column":6}},"2":{"start":{"line":17,"column":15},"end":{"line":17,"column":36}}},"fnMap":{"0":{"name":"(anonymous_0)","decl":{"start":{"line":5,"column":2},"end":{"line":5,"column":3}},"loc":{"start":{"line":5,"column":21},"end":{"line":7,"column":3}},"line":5},"1":{"name":"(anonymous_1)","decl":{"start":{"line":8,"column":2},"end":{"line":8,"column":3}},"loc":{"start":{"line":8,"column":11},"end":{"line":14,"column":3}},"line":8}},"branchMap":{},"s":{"0":0,"1":0,"2":1},"f":{"0":0,"1":0},"b":{},"_coverageSchema":"1a1c01bbd47fc00a2c39e90264f33305004495a9","hash":"f893748718be411feb03ac375a95151b79561371"}
,"/Users/mac/Documents/ReduxProject/src/JestTesting/TestFunction.js": {"path":"/Users/mac/Documents/ReduxProject/src/JestTesting/TestFunction.js","statementMap":{"0":{"start":{"line":1,"column":21},"end":{"line":3,"column":1}},"1":{"start":{"line":2,"column":2},"end":{"line":2,"column":16}}},"fnMap":{"0":{"name":"(anonymous_0)","decl":{"start":{"line":1,"column":21},"end":{"line":1,"column":22}},"loc":{"start":{"line":1,"column":26},"end":{"line":3,"column":1}},"line":1}},"branchMap":{},"s":{"0":1,"1":0},"f":{"0":0},"b":{},"_coverageSchema":"1a1c01bbd47fc00a2c39e90264f33305004495a9","hash":"8b8aa782519c93a40ae0ca81fef513036efc9dbc"}
}
