TN:
SF:src/Colors.js
FNF:0
FNH:0
DA:4,1
LF:1
LH:1
BRF:0
BRH:0
end_of_record
TN:
SF:src/JestTesting/ApiData.js
FN:2,(anonymous_0)
FN:3,(anonymous_1)
FNF:2
FNH:0
FNDA:0,(anonymous_0)
FNDA:0,(anonymous_1)
DA:3,0
DA:4,0
LF:2
LH:0
BRF:0
BRH:0
end_of_record
TN:
SF:src/JestTesting/AppExample.js
FN:4,(anonymous_0)
FN:5,(anonymous_1)
FNF:2
FNH:1
FNDA:1,(anonymous_0)
FNDA:0,(anonymous_1)
DA:4,1
DA:5,1
DA:6,0
DA:8,1
DA:20,1
LF:5
LH:4
BRF:0
BRH:0
end_of_record
TN:
SF:src/JestTesting/AppTest.js
FN:39,(anonymous_0)
FNF:1
FNH:1
FNDA:1,(anonymous_0)
DA:39,1
DA:40,1
DA:55,1
LF:3
LH:3
BRF:0
BRH:0
end_of_record
TN:
SF:src/JestTesting/Example.js
FN:4,(anonymous_0)
FNF:1
FNH:1
FNDA:1,(anonymous_0)
DA:4,1
DA:5,1
DA:14,1
LF:3
LH:3
BRF:0
BRH:0
end_of_record
TN:
SF:src/JestTesting/MyProps.js
FN:5,(anonymous_0)
FN:8,(anonymous_1)
FNF:2
FNH:0
FNDA:0,(anonymous_0)
FNDA:0,(anonymous_1)
DA:6,0
DA:9,0
DA:17,1
LF:3
LH:1
BRF:0
BRH:0
end_of_record
TN:
SF:src/JestTesting/TestFunction.js
FN:1,(anonymous_0)
FNF:1
FNH:0
FNDA:0,(anonymous_0)
DA:1,1
DA:2,0
LF:2
LH:1
BRF:0
BRH:0
end_of_record
